build/app/intermediates/manifest_merge_blame_file/debug/manifest-merger-blame-debug-report.txt
1<?xml version="1.0" encoding="utf-8"?>
2<manifest xmlns:android="http://schemas.android.com/apk/res/android"
3    package="com.pickpro.website"
4    android:versionCode="9"
5    android:versionName="1.8.0" >
6
7    <uses-sdk
8        android:minSdkVersion="21"
9        android:targetSdkVersion="29" />
10    <!--
11         Flutter needs it to communicate with the running application
12         to allow setting breakpoints, to provide hot reload, etc.
13    -->
14    <uses-permission android:name="android.permission.INTERNET" />
14-->src\main\AndroidManifest.xml:8:5-67
14-->src\main\AndroidManifest.xml:8:22-64
15    <uses-permission android:name="android.permission.WRITE_EXTERNAL_STORAGE" />
15-->src\main\AndroidManifest.xml:9:5-81
15-->src\main\AndroidManifest.xml:9:22-78
16    <uses-permission android:name="android.permission.READ_EXTERNAL_STORAGE" />
16-->src\main\AndroidManifest.xml:10:5-80
16-->src\main\AndroidManifest.xml:10:22-77
17    <uses-permission android:name="android.permission.VIBRATE" />
17-->src\main\AndroidManifest.xml:11:5-66
17-->src\main\AndroidManifest.xml:11:22-63
18    <uses-permission android:name="android.permission.RECEIVE_BOOT_COMPLETED" />
18-->src\main\AndroidManifest.xml:12:5-80
18-->src\main\AndroidManifest.xml:12:22-78
19    <uses-permission android:name="android.permission.ACCESS_FINE_LOCATION" />
19-->src\main\AndroidManifest.xml:13:5-79
19-->src\main\AndroidManifest.xml:13:22-76
20    <uses-permission android:name="android.permission.ACCESS_COARSE_LOCATION" />
20-->src\main\AndroidManifest.xml:14:5-81
20-->src\main\AndroidManifest.xml:14:22-78
21    <uses-permission android:name="android.permission.CAMERA" />
21-->src\main\AndroidManifest.xml:15:5-65
21-->src\main\AndroidManifest.xml:15:22-62
22    <uses-permission android:name="android.permission.FLASHLIGHT" />
22-->src\main\AndroidManifest.xml:16:5-69
22-->src\main\AndroidManifest.xml:16:22-66
23    <uses-permission android:name="android.permission.ACCESS_NETWORK_STATE" />
23-->[:connectivity] AndroidManifest.xml:7:5-79
23-->[:connectivity] AndroidManifest.xml:7:22-76
24
25    <uses-feature
25-->[com.google.android.gms:play-services-maps:17.0.0] AndroidManifest.xml:26:5-28:35
26        android:glEsVersion="0x00020000"
26-->[com.google.android.gms:play-services-maps:17.0.0] AndroidManifest.xml:27:9-41
27        android:required="true" />
27-->[com.google.android.gms:play-services-maps:17.0.0] AndroidManifest.xml:28:9-32
28
29    <uses-permission android:name="android.permission.WAKE_LOCK" /> <!-- Required by older versions of Google Play services to create IID tokens -->
29-->[com.google.android.gms:play-services-measurement-api:17.4.1] AndroidManifest.xml:24:5-68
29-->[com.google.android.gms:play-services-measurement-api:17.4.1] AndroidManifest.xml:24:22-65
30    <uses-permission android:name="com.google.android.c2dm.permission.RECEIVE" />
30-->[com.google.firebase:firebase-iid:20.1.7] AndroidManifest.xml:26:5-82
30-->[com.google.firebase:firebase-iid:20.1.7] AndroidManifest.xml:26:22-79
31    <uses-permission android:name="com.google.android.finsky.permission.BIND_GET_INSTALL_REFERRER_SERVICE" />
31-->[com.google.android.gms:play-services-measurement:17.4.1] AndroidManifest.xml:26:5-110
31-->[com.google.android.gms:play-services-measurement:17.4.1] AndroidManifest.xml:26:22-107
32
33    <uses-feature
33-->[io.card:android-sdk:5.5.1] AndroidManifest.xml:12:5-14:36
34        android:name="android.hardware.camera"
34-->[io.card:android-sdk:5.5.1] AndroidManifest.xml:13:9-47
35        android:required="false" />
35-->[io.card:android-sdk:5.5.1] AndroidManifest.xml:14:9-33
36    <uses-feature
36-->[io.card:android-sdk:5.5.1] AndroidManifest.xml:15:5-17:36
37        android:name="android.hardware.camera.autofocus"
37-->[io.card:android-sdk:5.5.1] AndroidManifest.xml:16:9-57
38        android:required="false" /> <!-- Permission will be merged into the manifest of the hosting app. -->
38-->[io.card:android-sdk:5.5.1] AndroidManifest.xml:17:9-33
39    <!-- Is required to launch foreground extraction service for targetSdkVersion 28+. -->
40    <uses-permission android:name="android.permission.FOREGROUND_SERVICE" />
40-->[com.google.android.play:core:1.8.0] AndroidManifest.xml:8:3-74
40-->[com.google.android.play:core:1.8.0] AndroidManifest.xml:8:20-72
41    <!--
42 android:name="io.flutter.app.FlutterApplication"
43    android:name="io.flutter.app.FlutterApplication"
44    android:name=".Application"
45    -->
46    <application
46-->src\main\AndroidManifest.xml:20:5-85:19
47        android:name="com.pickpro.website.Application"
47-->src\main\AndroidManifest.xml:21:9-36
48        android:allowBackup="true"
48-->[org.jfrog.cardinalcommerce.gradle:cardinalmobilesdk:2.2.1-2] AndroidManifest.xml:14:9-35
49        android:appComponentFactory="androidx.core.app.CoreComponentFactory"
49-->[androidx.core:core:1.3.1] AndroidManifest.xml:24:18-86
50        android:debuggable="true"
51        android:icon="@mipmap/ic_launcher"
51-->src\main\AndroidManifest.xml:25:9-43
52        android:label="PickPro"
52-->src\main\AndroidManifest.xml:23:9-32
53        android:supportsRtl="true"
53-->[com.facebook.android:facebook-android-sdk:5.15.3] AndroidManifest.xml:28:18-44
54        android:theme="@style/Theme.AppCompat.Light.NoActionBar"
54-->[:stripe_payment] AndroidManifest.xml:11:18-74
55        android:usesCleartextTraffic="true" >
55-->src\main\AndroidManifest.xml:24:9-44
56        <activity
56-->src\main\AndroidManifest.xml:26:9-50:20
57            android:name="com.pickpro.website.MainActivity"
57-->src\main\AndroidManifest.xml:27:13-41
58            android:configChanges="orientation|keyboardHidden|keyboard|screenSize|smallestScreenSize|locale|layoutDirection|fontScale|screenLayout|density|uiMode"
58-->src\main\AndroidManifest.xml:30:13-163
59            android:hardwareAccelerated="true"
59-->src\main\AndroidManifest.xml:31:13-47
60            android:launchMode="singleTop"
60-->src\main\AndroidManifest.xml:28:13-43
61            android:theme="@style/LaunchTheme"
61-->src\main\AndroidManifest.xml:29:13-47
62            android:windowSoftInputMode="adjustResize" >
62-->src\main\AndroidManifest.xml:32:13-55
63
64            <!--
65                 This keeps the window background of the activity showing
66                 until Flutter renders its first frame. It can be removed if
67                 there is no splash screen (such as the default splash screen
68                 defined in @style/LaunchTheme).
69            -->
70            <meta-data
70-->src\main\AndroidManifest.xml:37:13-39:40
71                android:name="io.flutter.app.android.SplashScreenUntilFirstFrame"
71-->src\main\AndroidManifest.xml:38:17-82
72                android:value="true" />
72-->src\main\AndroidManifest.xml:39:17-37
73
74            <intent-filter>
74-->src\main\AndroidManifest.xml:41:13-44:29
75                <action android:name="android.intent.action.MAIN" />
75-->src\main\AndroidManifest.xml:42:17-68
75-->src\main\AndroidManifest.xml:42:25-66
76
77                <category android:name="android.intent.category.LAUNCHER" />
77-->src\main\AndroidManifest.xml:43:17-76
77-->src\main\AndroidManifest.xml:43:27-74
78            </intent-filter>
79            <intent-filter>
79-->src\main\AndroidManifest.xml:45:13-48:29
80                <action android:name="FLUTTER_NOTIFICATION_CLICK" />
80-->src\main\AndroidManifest.xml:46:17-69
80-->src\main\AndroidManifest.xml:46:25-66
81
82                <category android:name="android.intent.category.DEFAULT" />
82-->src\main\AndroidManifest.xml:47:17-76
82-->src\main\AndroidManifest.xml:47:27-73
83            </intent-filter>
84        </activity>
85        <activity
85-->src\main\AndroidManifest.xml:51:9-59:20
86            android:name="com.braintreepayments.api.BraintreeBrowserSwitchActivity"
86-->src\main\AndroidManifest.xml:51:19-90
87            android:launchMode="singleTask" >
87-->src\main\AndroidManifest.xml:52:13-44
88            <intent-filter>
88-->src\main\AndroidManifest.xml:53:13-58:29
89                <action android:name="android.intent.action.VIEW" />
89-->src\main\AndroidManifest.xml:54:17-69
89-->src\main\AndroidManifest.xml:54:25-66
90
91                <category android:name="android.intent.category.DEFAULT" />
91-->src\main\AndroidManifest.xml:47:17-76
91-->src\main\AndroidManifest.xml:47:27-73
92                <category android:name="android.intent.category.BROWSABLE" />
92-->src\main\AndroidManifest.xml:56:17-78
92-->src\main\AndroidManifest.xml:56:27-75
93
94                <data android:scheme="com.pickpro.website.braintree" />
95            </intent-filter>
96        </activity>
97
98        <meta-data
98-->src\main\AndroidManifest.xml:60:9-61:46
99            android:name="com.facebook.sdk.ApplicationId"
99-->src\main\AndroidManifest.xml:60:20-65
100            android:value="@string/facebook_app_id" />
100-->src\main\AndroidManifest.xml:61:5-44
101        <!-- TODO: Replace with your real AdMob app ID -->
102        <meta-data
102-->src\main\AndroidManifest.xml:63:5-65:66
103            android:name="com.google.android.gms.ads.APPLICATION_ID"
103-->src\main\AndroidManifest.xml:64:13-69
104            android:value="@string/android__admob_ads_id_key" />
104-->src\main\AndroidManifest.xml:65:13-63
105
106        <activity
106-->src\main\AndroidManifest.xml:66:9-69:40
107            android:name="com.facebook.FacebookActivity"
107-->src\main\AndroidManifest.xml:66:19-63
108            android:configChanges="keyboard|keyboardHidden|screenLayout|screenSize|orientation"
108-->src\main\AndroidManifest.xml:67:5-101
109            android:label="@string/app_name"
109-->src\main\AndroidManifest.xml:69:5-37
110            android:theme="@style/com_facebook_activity_theme" />
110-->[com.facebook.android:facebook-common:5.15.3] AndroidManifest.xml:33:13-63
111        <activity
111-->src\main\AndroidManifest.xml:70:9-79:20
112            android:name="com.facebook.CustomTabActivity"
112-->src\main\AndroidManifest.xml:71:13-58
113            android:exported="true" >
113-->src\main\AndroidManifest.xml:72:13-36
114            <intent-filter>
114-->src\main\AndroidManifest.xml:73:13-78:29
115                <action android:name="android.intent.action.VIEW" />
115-->src\main\AndroidManifest.xml:54:17-69
115-->src\main\AndroidManifest.xml:54:25-66
116
117                <category android:name="android.intent.category.DEFAULT" />
117-->src\main\AndroidManifest.xml:47:17-76
117-->src\main\AndroidManifest.xml:47:27-73
118                <category android:name="android.intent.category.BROWSABLE" />
118-->src\main\AndroidManifest.xml:56:17-78
118-->src\main\AndroidManifest.xml:56:27-75
119
120                <data android:scheme="@string/fb_login_protocol_scheme" />
121            </intent-filter>
122            <intent-filter>
122-->[com.facebook.android:facebook-common:5.15.3] AndroidManifest.xml:39:13-48:29
123                <action android:name="android.intent.action.VIEW" />
123-->src\main\AndroidManifest.xml:54:17-69
123-->src\main\AndroidManifest.xml:54:25-66
124
125                <category android:name="android.intent.category.DEFAULT" />
125-->src\main\AndroidManifest.xml:47:17-76
125-->src\main\AndroidManifest.xml:47:27-73
126                <category android:name="android.intent.category.BROWSABLE" />
126-->src\main\AndroidManifest.xml:56:17-78
126-->src\main\AndroidManifest.xml:56:27-75
127
128                <data
129                    android:host="cct.com.pickpro.website"
130                    android:scheme="fbconnect" />
131            </intent-filter>
132        </activity>
133
134        <meta-data
134-->src\main\AndroidManifest.xml:81:9-83:33
135            android:name="flutterEmbedding"
135-->src\main\AndroidManifest.xml:82:13-44
136            android:value="2" />
136-->src\main\AndroidManifest.xml:83:13-30
137
138        <activity
138-->[:razorpay_flutter] AndroidManifest.xml:8:9-11:20
139            android:name="com.razorpay.CheckoutActivity"
139-->[:razorpay_flutter] AndroidManifest.xml:9:13-57
140            android:configChanges="keyboard|keyboardHidden|orientation|screenSize"
140-->[com.razorpay:checkout:1.5.16] AndroidManifest.xml:20:13-83
141            android:label="Razorpay Checkout"
141-->[:razorpay_flutter] AndroidManifest.xml:10:13-46
142            android:theme="@style/CheckoutTheme" >
142-->[com.razorpay:checkout:1.5.16] AndroidManifest.xml:21:13-49
143            <intent-filter>
143-->[com.razorpay:checkout:1.5.16] AndroidManifest.xml:22:13-28:29
144                <action android:name="android.intent.action.MAIN" />
144-->src\main\AndroidManifest.xml:42:17-68
144-->src\main\AndroidManifest.xml:42:25-66
145
146                <data
147                    android:host="rzp.io"
148                    android:scheme="io.rzp" />
149            </intent-filter>
150        </activity>
151
152        <meta-data
152-->[:stripe_payment] AndroidManifest.xml:12:9-14:36
153            android:name="com.google.android.gms.wallet.api.enabled"
153-->[:stripe_payment] AndroidManifest.xml:13:13-69
154            android:value="true" />
154-->[:stripe_payment] AndroidManifest.xml:14:13-33
155
156        <activity
156-->[:stripe_payment] AndroidManifest.xml:16:9-20:75
157            android:name="com.gettipsi.stripe.OpenBrowserActivity"
157-->[:stripe_payment] AndroidManifest.xml:17:13-67
158            android:exported="false"
158-->[:stripe_payment] AndroidManifest.xml:18:13-37
159            android:launchMode="singleTask"
159-->[:stripe_payment] AndroidManifest.xml:19:13-44
160            android:theme="@android:style/Theme.Translucent.NoTitleBar" />
160-->[:stripe_payment] AndroidManifest.xml:20:13-72
161        <activity
161-->[:stripe_payment] AndroidManifest.xml:21:9-34:20
162            android:name="com.gettipsi.stripe.RedirectUriReceiver"
162-->[:stripe_payment] AndroidManifest.xml:22:13-67
163            android:exported="true"
163-->[:stripe_payment] AndroidManifest.xml:23:13-36
164            android:launchMode="singleTask"
164-->[:stripe_payment] AndroidManifest.xml:24:13-44
165            android:theme="@android:style/Theme.Translucent.NoTitleBar.Fullscreen" >
165-->[:stripe_payment] AndroidManifest.xml:25:13-83
166            <intent-filter>
166-->[:stripe_payment] AndroidManifest.xml:26:13-33:29
167                <action android:name="android.intent.action.VIEW" />
167-->src\main\AndroidManifest.xml:54:17-69
167-->src\main\AndroidManifest.xml:54:25-66
168
169                <category android:name="android.intent.category.DEFAULT" />
169-->src\main\AndroidManifest.xml:47:17-76
169-->src\main\AndroidManifest.xml:47:27-73
170                <category android:name="android.intent.category.BROWSABLE" />
170-->src\main\AndroidManifest.xml:56:17-78
170-->src\main\AndroidManifest.xml:56:27-75
171
172                <data android:scheme="example" />
173            </intent-filter>
174        </activity>
175
176        <service
176-->[:firebase_auth] AndroidManifest.xml:8:9-12:19
177            android:name="com.google.firebase.components.ComponentDiscoveryService"
177-->[:firebase_auth] AndroidManifest.xml:8:18-89
178            android:directBootAware="true"
178-->[com.google.firebase:firebase-common:19.3.0] AndroidManifest.xml:34:13-43
179            android:exported="false" >
179-->[com.google.firebase:firebase-messaging:20.1.7] AndroidManifest.xml:37:13-37
180            <meta-data
180-->[:firebase_auth] AndroidManifest.xml:9:13-11:85
181                android:name="com.google.firebase.components:io.flutter.plugins.firebase.auth.FlutterFirebaseAuthRegistrar"
181-->[:firebase_auth] AndroidManifest.xml:10:17-124
182                android:value="com.google.firebase.components.ComponentRegistrar" />
182-->[:firebase_auth] AndroidManifest.xml:11:17-82
183            <meta-data
183-->[:firebase_messaging] AndroidManifest.xml:14:13-16:85
184                android:name="com.google.firebase.components:io.flutter.plugins.firebasemessaging.FlutterFirebaseAppRegistrar"
184-->[:firebase_messaging] AndroidManifest.xml:15:17-127
185                android:value="com.google.firebase.components.ComponentRegistrar" />
185-->[:firebase_messaging] AndroidManifest.xml:16:17-82
186            <meta-data
186-->[:firebase_dynamic_links] AndroidManifest.xml:11:13-13:85
187                android:name="com.google.firebase.components:io.flutter.plugins.firebasedynamiclinks.FlutterFirebaseAppRegistrar"
187-->[:firebase_dynamic_links] AndroidManifest.xml:12:17-130
188                android:value="com.google.firebase.components.ComponentRegistrar" />
188-->[:firebase_dynamic_links] AndroidManifest.xml:13:17-82
189            <meta-data
189-->[:firebase_core] AndroidManifest.xml:9:13-11:85
190                android:name="com.google.firebase.components:io.flutter.plugins.firebase.core.FlutterFirebaseCoreRegistrar"
190-->[:firebase_core] AndroidManifest.xml:10:17-124
191                android:value="com.google.firebase.components.ComponentRegistrar" />
191-->[:firebase_core] AndroidManifest.xml:11:17-82
192            <meta-data
192-->[com.google.firebase:firebase-messaging:20.1.7] AndroidManifest.xml:38:13-40:85
193                android:name="com.google.firebase.components:com.google.firebase.messaging.FirebaseMessagingRegistrar"
193-->[com.google.firebase:firebase-messaging:20.1.7] AndroidManifest.xml:39:17-119
194                android:value="com.google.firebase.components.ComponentRegistrar" />
194-->[com.google.firebase:firebase-messaging:20.1.7] AndroidManifest.xml:40:17-82
195            <meta-data
195-->[com.google.firebase:firebase-auth:19.3.1] AndroidManifest.xml:36:13-38:85
196                android:name="com.google.firebase.components:com.google.firebase.auth.FirebaseAuthRegistrar"
196-->[com.google.firebase:firebase-auth:19.3.1] AndroidManifest.xml:37:17-109
197                android:value="com.google.firebase.components.ComponentRegistrar" />
197-->[com.google.firebase:firebase-auth:19.3.1] AndroidManifest.xml:38:17-82
198            <meta-data
198-->[com.google.firebase:firebase-dynamic-links:19.1.0] AndroidManifest.xml:9:13-11:85
199                android:name="com.google.firebase.components:com.google.firebase.dynamiclinks.internal.FirebaseDynamicLinkRegistrar"
199-->[com.google.firebase:firebase-dynamic-links:19.1.0] AndroidManifest.xml:10:17-133
200                android:value="com.google.firebase.components.ComponentRegistrar" />
200-->[com.google.firebase:firebase-dynamic-links:19.1.0] AndroidManifest.xml:11:17-82
201            <meta-data
201-->[com.google.android.gms:play-services-measurement-api:17.4.1] AndroidManifest.xml:30:13-32:85
202                android:name="com.google.firebase.components:com.google.firebase.analytics.connector.internal.AnalyticsConnectorRegistrar"
202-->[com.google.android.gms:play-services-measurement-api:17.4.1] AndroidManifest.xml:31:17-139
203                android:value="com.google.firebase.components.ComponentRegistrar" />
203-->[com.google.android.gms:play-services-measurement-api:17.4.1] AndroidManifest.xml:32:17-82
204            <meta-data
204-->[com.google.firebase:firebase-iid:20.1.7] AndroidManifest.xml:32:13-34:85
205                android:name="com.google.firebase.components:com.google.firebase.iid.Registrar"
205-->[com.google.firebase:firebase-iid:20.1.7] AndroidManifest.xml:33:17-96
206                android:value="com.google.firebase.components.ComponentRegistrar" />
206-->[com.google.firebase:firebase-iid:20.1.7] AndroidManifest.xml:34:17-82
207            <meta-data
207-->[com.google.firebase:firebase-datatransport:17.0.3] AndroidManifest.xml:28:13-30:85
208                android:name="com.google.firebase.components:com.google.firebase.datatransport.TransportRegistrar"
208-->[com.google.firebase:firebase-datatransport:17.0.3] AndroidManifest.xml:29:17-115
209                android:value="com.google.firebase.components.ComponentRegistrar" />
209-->[com.google.firebase:firebase-datatransport:17.0.3] AndroidManifest.xml:30:17-82
210            <meta-data
210-->[com.google.firebase:firebase-installations:16.3.0] AndroidManifest.xml:17:13-19:85
211                android:name="com.google.firebase.components:com.google.firebase.installations.FirebaseInstallationsRegistrar"
211-->[com.google.firebase:firebase-installations:16.3.0] AndroidManifest.xml:18:17-127
212                android:value="com.google.firebase.components.ComponentRegistrar" />
212-->[com.google.firebase:firebase-installations:16.3.0] AndroidManifest.xml:19:17-82
213        </service>
214        <service android:name="io.flutter.plugins.firebasemessaging.FlutterFirebaseMessagingService" >
214-->[:firebase_messaging] AndroidManifest.xml:8:9-12:19
214-->[:firebase_messaging] AndroidManifest.xml:8:18-101
215            <intent-filter>
215-->[:firebase_messaging] AndroidManifest.xml:9:13-11:29
216                <action android:name="com.google.firebase.MESSAGING_EVENT" />
216-->[:firebase_messaging] AndroidManifest.xml:10:17-78
216-->[:firebase_messaging] AndroidManifest.xml:10:25-75
217            </intent-filter>
218        </service>
219
220        <provider
220-->[:share] AndroidManifest.xml:8:9-16:20
221            android:name="io.flutter.plugins.share.ShareFileProvider"
221-->[:share] AndroidManifest.xml:9:13-70
222            android:authorities="com.pickpro.website.flutter.share_provider"
222-->[:share] AndroidManifest.xml:10:13-74
223            android:exported="false"
223-->[:share] AndroidManifest.xml:11:13-37
224            android:grantUriPermissions="true" >
224-->[:share] AndroidManifest.xml:12:13-47
225            <meta-data
225-->[:share] AndroidManifest.xml:13:13-15:68
226                android:name="android.support.FILE_PROVIDER_PATHS"
226-->[:share] AndroidManifest.xml:14:17-67
227                android:resource="@xml/flutter_share_file_paths" />
227-->[:share] AndroidManifest.xml:15:17-65
228        </provider>
229
230        <activity
230-->[:flutter_paystack] AndroidManifest.xml:10:9-12:54
231            android:name="co.paystack.flutterpaystack.AuthActivity"
231-->[:flutter_paystack] AndroidManifest.xml:11:13-68
232            android:theme="@style/Paystack.Dialog" />
232-->[:flutter_paystack] AndroidManifest.xml:12:13-51
233        <activity
233-->[:url_launcher] AndroidManifest.xml:8:9-11:74
234            android:name="io.flutter.plugins.urllauncher.WebViewActivity"
234-->[:url_launcher] AndroidManifest.xml:9:13-74
235            android:exported="false"
235-->[:url_launcher] AndroidManifest.xml:10:13-37
236            android:theme="@android:style/Theme.NoTitleBar.Fullscreen" />
236-->[:url_launcher] AndroidManifest.xml:11:13-71
237
238        <provider
238-->[:flutter_webview_plugin] AndroidManifest.xml:9:9-18:20
239            android:name="androidx.core.content.FileProvider"
239-->[:flutter_webview_plugin] AndroidManifest.xml:10:13-62
240            android:authorities="com.pickpro.website.fileprovider"
240-->[:flutter_webview_plugin] AndroidManifest.xml:11:13-64
241            android:exported="false"
241-->[:flutter_webview_plugin] AndroidManifest.xml:12:13-37
242            android:grantUriPermissions="true" >
242-->[:flutter_webview_plugin] AndroidManifest.xml:13:13-47
243            <meta-data
243-->[:share] AndroidManifest.xml:13:13-15:68
244                android:name="android.support.FILE_PROVIDER_PATHS"
244-->[:share] AndroidManifest.xml:14:17-67
245                android:resource="@xml/filepaths" />
245-->[:share] AndroidManifest.xml:15:17-65
246        </provider>
247        <!--
248             FirebaseMessagingService performs security checks at runtime,
249             but set to not exported to explicitly avoid allowing another app to call it.
250        -->
251        <service
251-->[com.google.firebase:firebase-messaging:20.1.7] AndroidManifest.xml:28:9-34:19
252            android:name="com.google.firebase.messaging.FirebaseMessagingService"
252-->[com.google.firebase:firebase-messaging:20.1.7] AndroidManifest.xml:29:13-82
253            android:exported="false" >
253-->[com.google.firebase:firebase-messaging:20.1.7] AndroidManifest.xml:30:13-37
254            <intent-filter android:priority="-500" >
254-->[:firebase_messaging] AndroidManifest.xml:9:13-11:29
255                <action android:name="com.google.firebase.MESSAGING_EVENT" />
255-->[:firebase_messaging] AndroidManifest.xml:10:17-78
255-->[:firebase_messaging] AndroidManifest.xml:10:25-75
256            </intent-filter>
257        </service>
258
259        <activity
259-->[com.google.android.gms:play-services-auth:16.0.1] AndroidManifest.xml:23:9-27:75
260            android:name="com.google.android.gms.auth.api.signin.internal.SignInHubActivity"
260-->[com.google.android.gms:play-services-auth:16.0.1] AndroidManifest.xml:24:13-93
261            android:excludeFromRecents="true"
261-->[com.google.android.gms:play-services-auth:16.0.1] AndroidManifest.xml:25:13-46
262            android:exported="false"
262-->[com.google.android.gms:play-services-auth:16.0.1] AndroidManifest.xml:26:13-37
263            android:theme="@android:style/Theme.Translucent.NoTitleBar" />
263-->[com.google.android.gms:play-services-auth:16.0.1] AndroidManifest.xml:27:13-72
264        <!--
265            Service handling Google Sign-In user revocation. For apps that do not integrate with
266            Google Sign-In, this service will never be started.
267        -->
268        <service
268-->[com.google.android.gms:play-services-auth:16.0.1] AndroidManifest.xml:33:9-36:110
269            android:name="com.google.android.gms.auth.api.signin.RevocationBoundService"
269-->[com.google.android.gms:play-services-auth:16.0.1] AndroidManifest.xml:34:13-89
270            android:exported="true"
270-->[com.google.android.gms:play-services-auth:16.0.1] AndroidManifest.xml:35:13-36
271            android:permission="com.google.android.gms.auth.api.signin.permission.REVOCATION_NOTIFICATION" /> <!-- Needs to be explicitly declared on P+ -->
271-->[com.google.android.gms:play-services-auth:16.0.1] AndroidManifest.xml:36:13-107
272        <uses-library
272-->[com.google.android.gms:play-services-maps:17.0.0] AndroidManifest.xml:33:9-35:40
273            android:name="org.apache.http.legacy"
273-->[com.google.android.gms:play-services-maps:17.0.0] AndroidManifest.xml:34:13-50
274            android:required="false" />
274-->[com.google.android.gms:play-services-maps:17.0.0] AndroidManifest.xml:35:13-37
275
276        <activity
276-->[com.google.firebase:firebase-auth:19.3.1] AndroidManifest.xml:24:9-31:50
277            android:name="com.google.firebase.auth.internal.FederatedSignInActivity"
277-->[com.google.firebase:firebase-auth:19.3.1] AndroidManifest.xml:25:13-85
278            android:excludeFromRecents="true"
278-->[com.google.firebase:firebase-auth:19.3.1] AndroidManifest.xml:26:13-46
279            android:exported="true"
279-->[com.google.firebase:firebase-auth:19.3.1] AndroidManifest.xml:27:13-36
280            android:launchMode="singleTask"
280-->[com.google.firebase:firebase-auth:19.3.1] AndroidManifest.xml:28:13-44
281            android:permission="com.google.firebase.auth.api.gms.permission.LAUNCH_FEDERATED_SIGN_IN"
281-->[com.google.firebase:firebase-auth:19.3.1] AndroidManifest.xml:29:13-102
282            android:theme="@android:style/Theme.Translucent.NoTitleBar" />
282-->[com.google.firebase:firebase-auth:19.3.1] AndroidManifest.xml:30:13-72
283
284        <receiver
284-->[com.google.firebase:firebase-iid:20.1.7] AndroidManifest.xml:37:9-44:20
285            android:name="com.google.firebase.iid.FirebaseInstanceIdReceiver"
285-->[com.google.firebase:firebase-iid:20.1.7] AndroidManifest.xml:38:13-78
286            android:exported="true"
286-->[com.google.firebase:firebase-iid:20.1.7] AndroidManifest.xml:39:13-36
287            android:permission="com.google.android.c2dm.permission.SEND" >
287-->[com.google.firebase:firebase-iid:20.1.7] AndroidManifest.xml:40:13-73
288            <intent-filter>
288-->[com.google.firebase:firebase-iid:20.1.7] AndroidManifest.xml:41:13-43:29
289                <action android:name="com.google.android.c2dm.intent.RECEIVE" />
289-->[com.google.firebase:firebase-iid:20.1.7] AndroidManifest.xml:42:17-81
289-->[com.google.firebase:firebase-iid:20.1.7] AndroidManifest.xml:42:25-78
290            </intent-filter>
291        </receiver>
292
293        <activity
293-->[com.google.android.gms:play-services-base:17.2.1] AndroidManifest.xml:23:9-26:75
294            android:name="com.google.android.gms.common.api.GoogleApiActivity"
294-->[com.google.android.gms:play-services-base:17.2.1] AndroidManifest.xml:24:13-79
295            android:exported="false"
295-->[com.google.android.gms:play-services-base:17.2.1] AndroidManifest.xml:25:13-37
296            android:theme="@android:style/Theme.Translucent.NoTitleBar" />
296-->[com.google.android.gms:play-services-base:17.2.1] AndroidManifest.xml:26:13-72
297        <activity
297-->[com.stripe:stripe-android:10.4.6] AndroidManifest.xml:12:9-14:57
298            android:name="com.stripe.android.view.AddPaymentMethodActivity"
298-->[com.stripe:stripe-android:10.4.6] AndroidManifest.xml:13:13-76
299            android:theme="@style/StripeDefaultTheme" />
299-->[com.stripe:stripe-android:10.4.6] AndroidManifest.xml:14:13-54
300        <activity
300-->[com.stripe:stripe-android:10.4.6] AndroidManifest.xml:15:9-17:57
301            android:name="com.stripe.android.view.PaymentMethodsActivity"
301-->[com.stripe:stripe-android:10.4.6] AndroidManifest.xml:16:13-74
302            android:theme="@style/StripeDefaultTheme" />
302-->[com.stripe:stripe-android:10.4.6] AndroidManifest.xml:17:13-54
303        <activity
303-->[com.stripe:stripe-android:10.4.6] AndroidManifest.xml:18:9-20:57
304            android:name="com.stripe.android.view.PaymentFlowActivity"
304-->[com.stripe:stripe-android:10.4.6] AndroidManifest.xml:19:13-71
305            android:theme="@style/StripeDefaultTheme" />